# Progress Log for cli-rearchitect

Initialized: 2026-02-04T15:13:09.231Z

---
[2026-02-04T15:21:29.114Z]
Completed: Core Infrastructure Types (Phase 0) â€” Issue #177
Files: none
Summary: **Summary**
- Added core modules for `CommandContext`, `CLIError` hierarchy, and signal handling with cleanup registry in `packages/cli/src/core/context.ts`, `packages/cli/src/core/errors.ts`, `packages/cli/src/core/signals.ts`.
- Added unit tests in `packages/cli/tests/unit/core/context.test.ts`, `packages/cli/tests/unit/core/errors.test.ts`, `packages/cli/tests/unit/core/signals.test.ts` and upd

---
[2026-02-04T15:26:50.545Z]
Completed: db-status Migration PoC (Phase 0) â€” Issue #178
Files: none
Summary: Summary:
- Added `createTestContext` helper to capture stdout/stderr with a mock secrets provider.
- Migrated `db-status` to `CommandContext`, lazy `getDb()`, timeout-aware execution, and `DatabaseError` handling.
- Added table-driven integration tests for success, connection failure, and timeout, and updated progress log.

Learnings:
- `AbortSignal.timeout` + `AbortSignal.any` works cleanly with 

---
[2026-02-04T15:53:05.289Z]
Completed: SecretsProvider Abstraction (Phase 1) â€” Issue #179
Files: none
Summary: Summary:
- Made `@1password/sdk` a lazy runtime import in `packages/cli/src/core/secrets.ts` to avoid hard module resolution during tests.
- Added a local type stub at `packages/cli/src/types/1password-sdk.d.ts` and marked the Vitest mock as virtual in `packages/cli/tests/unit/core/secrets.test.ts` so tests pass without the package installed.
- Updated progress log entry in `packages/cli/PROGRESS.

---
[2026-02-04T16:03:21.046Z]
Failed: Secret Loading Migration (Phase 1) â€” Issue #180
Validation: src/commands/auth/whoami.ts(35,19): error TS2769: No overload matches this call.
  Overload 1 of 4, '(arrayBuffer: WithImplicitCoercion<ArrayBufferLike>, byteOffset?: number | undefined, length?: number | undefined): Buffer<ArrayBufferLike>', gave the following error.
    Argument of type 'string | 
Codex: 

---
[2026-02-04T16:06:53.317Z]
Completed: Secret Loading Migration (Phase 1) â€” Issue #180
Files: none
Summary: Summary:
- Fixed `auth whoami` token decoding to handle base64url safely and avoid type errors.
- Added integration tests for `auth status`, `auth login`, and `auth whoami`.
- Updated progress log entry.

Files changed:
- `packages/cli/src/commands/auth/whoami.ts`
- `packages/cli/tests/integration/commands/auth.test.ts`
- `packages/cli/PROGRESS.md`

Tests:
- `cd packages/cli && bun run check-types

---
[2026-02-04T16:12:29.348Z]
Completed: OutputFormatter Abstraction (Phase 2) â€” Issue #181
Files: none
Summary: Summary:
- Added `OutputFormatter` abstraction with JSON/text/table formatters, auto-detection, and quiet/verbose handling in `packages/cli/src/core/output.ts`.
- Extended `CommandContext` with output/format/verbosity, and wired global `--format`, `--verbose`, `--quiet` flags plus db-status global option passthrough.
- Added unit tests for formatters and updated context tests; logged progress entr

---
[2026-02-04T16:22:45.314Z]
Failed: Command Migration Batch 1 â€” Front + Inngest (Phase 2) â€” Issue #182
Validation: src/commands/front/bulk-archive.ts(292,10): error TS2552: Cannot find name 'json'. Did you mean 'JSON'?
src/commands/front/tags.ts(773,5): error TS2554: Expected 2 arguments, but got 1.

Codex: 

---
[2026-02-04T16:32:54.935Z]
Failed: Command Migration Batch 1 â€” Front + Inngest (Phase 2) â€” Issue #182
Validation: 
 RUN  v3.2.4 /home/joel/Code/skillrecordings/support-cli-rearchitect/packages/cli

stdout | src/commands/eval.test.ts > eval command > should print pretty results table by default

ðŸ“Š Evaluation Results

Overall Metrics:
  Precision:           92.0%
  Recall:              95.0%
  False Positive Rat
Codex: 

---
[2026-02-04T16:43:04.772Z]
Failed: Command Migration Batch 1 â€” Front + Inngest (Phase 2) â€” Issue #182
Validation: 
 RUN  v3.2.4 /home/joel/Code/skillrecordings/support-cli-rearchitect/packages/cli

stdout | src/commands/eval.test.ts > eval command > should print pretty results table by default

ðŸ“Š Evaluation Results

Overall Metrics:
  Precision:           92.0%
  Recall:              95.0%
  False Positive Rat
Codex: 

---
[2026-02-04T16:45:05.960Z]
Completed: Command Migration Batch 1 â€” Front + Inngest (Phase 2) â€” Issue #182
Files: none
Summary: Summary:
- Front + Inngest command migrations and OutputFormatter usage are already in place, with integration coverage for happy/error paths in `packages/cli/tests/integration/commands/front.test.ts` and `packages/cli/tests/integration/commands/inngest.test.ts`.
- Added progress log entry for this story in `packages/cli/PROGRESS.md`.
- Validation ran cleanly for `bun run check-types` and `bun run

---
[2026-02-04T16:55:22.033Z]
Failed: Command Migration Batch 2 â€” Axiom + Tools + Memory (Phase 2) â€” Issue #183
Validation: src/commands/tools.ts(150,7): error TS2322: Type 'string | null' is not assignable to type 'string'.
  Type 'null' is not assignable to type 'string'.
src/commands/tools.ts(151,7): error TS2322: Type 'string | null' is not assignable to type 'string'.
  Type 'null' is not assignable to type 'string'
Codex: 

---
[2026-02-04T17:00:53.428Z]
Completed: Command Migration Batch 2 â€” Axiom + Tools + Memory (Phase 2) â€” Issue #183
Files: none
Summary: Summary:
- Fixed tools content-type validation and narrowed app config typing in `packages/cli/src/commands/tools.ts`.
- Added integration tests for Axiom, Tools, and Memory commands in `packages/cli/tests/integration/commands/axiom.test.ts`, `packages/cli/tests/integration/commands/tools.test.ts`, `packages/cli/tests/integration/commands/memory.test.ts`.
- Updated progress log entry in `packages/

---
[2026-02-04T17:11:10.812Z]
Failed: Command Migration Batch 3 â€” Remaining Commands (Phase 2) â€” Issue #184
Validation: src/commands/eval-local/index.ts(54,23): error TS2554: Expected 1 arguments, but got 2.
src/commands/eval-local/index.ts(77,22): error TS2554: Expected 1 arguments, but got 2.
src/commands/eval-local/index.ts(94,34): error TS2554: Expected 1 arguments, but got 2.
src/commands/eval.test.ts(47,18): er
Codex: 

---
[2026-02-04T17:21:18.438Z]
Failed: Command Migration Batch 3 â€” Remaining Commands (Phase 2) â€” Issue #184
Validation: src/commands/eval.test.ts(47,18): error TS2554: Expected 3-4 arguments, but got 2.
src/commands/eval.test.ts(61,7): error TS2554: Expected 3-4 arguments, but got 2.
src/commands/eval.test.ts(74,18): error TS2554: Expected 3-4 arguments, but got 2.
src/commands/eval.test.ts(127,18): error TS2554: Exp
Codex: 

---
[2026-02-04T17:31:25.873Z]
Failed: Command Migration Batch 3 â€” Remaining Commands (Phase 2) â€” Issue #184
Validation: src/commands/eval.test.ts(47,18): error TS2554: Expected 3-4 arguments, but got 2.
src/commands/eval.test.ts(61,7): error TS2554: Expected 3-4 arguments, but got 2.
src/commands/eval.test.ts(74,18): error TS2554: Expected 3-4 arguments, but got 2.
src/commands/eval.test.ts(127,18): error TS2554: Exp
Codex: 

---
[2026-02-04T17:41:33.676Z]
Failed: Command Migration Batch 3 â€” Remaining Commands (Phase 2) â€” Issue #184
Validation: src/commands/faq/classify.ts(406,20): error TS2304: Cannot find name 'createProgressBar'.
src/commands/faq/classify.ts(412,39): error TS2554: Expected 6 arguments, but got 5.
src/commands/faq/classify.ts(417,8): error TS7006: Parameter 'completed' implicitly has an 'any' type.
tests/helpers/test-con
Codex: 

---
[2026-02-04T17:51:05.430Z]
Failed: Command Migration Batch 3 â€” Remaining Commands (Phase 2) â€” Issue #184
Codex success: false
Validation success: false
Files touched: none
Validation output: tests/helpers/test-context.ts(13,18): error TS2352: Conversion of type 'PassThrough' to type 'WriteStream' may be a mistake because neither type sufficiently overlaps with the other. If this was intentional, convert the expression to 'unknown' first.
  Type 'Transform' is missing the following properties from type 'WriteStream': clearLine, clearScreenDown, cursorTo, moveCursor, and 25 more.
tests/helpers/test-context.ts(14,18): error TS2352: Conversion of type 'PassThrough' to type 'WriteStream'
Codex message: 

---
[2026-02-04T17:51:40.811Z]
Failed: Command Migration Batch 3 â€” Remaining Commands (Phase 2) â€” Issue #184
Validation: tests/helpers/test-context.ts(13,18): error TS2352: Conversion of type 'PassThrough' to type 'WriteStream' may be a mistake because neither type sufficiently overlaps with the other. If this was intentional, convert the expression to 'unknown' first.
  Type 'Transform' is missing the following prope
Codex: 

---
[2026-02-04T17:59:13.605Z]
Completed: Command Migration Batch 3 â€” Remaining Commands (Phase 2) â€” Issue #184
Files: none
Summary: Summary:
1. Added integration tests for eval, pipeline, deploys, FAQ, KB, health, wizard, responses, dataset, and init command groups; exported internal helpers where needed and fixed `createTestContext` stream typing.
2. Updated `packages/cli/PROGRESS.md` with completion note.

Tests:
- `cd packages/cli && bun run check-types`
- `cd packages/cli && bun run test`

Commit:
- `git add` failed due to
